[17-Mar-2021 06:34:02 Asia/Kuwait] PHP Fatal error:  Uncaught Error: Using $this when not in object context in C:\DoorTry\www\Pages\Basemaker\ProbaTest.php:112
Stack trace:
#0 {main}
  thrown in C:\DoorTry\www\Pages\Basemaker\ProbaTest.php on line 112
[17-Mar-2021 06:37:23 Asia/Kuwait] PHP Fatal error:  Uncaught Error: Using $this when not in object context in C:\DoorTry\www\Pages\Basemaker\ProbaTest.php:112
Stack trace:
#0 {main}
  thrown in C:\DoorTry\www\Pages\Basemaker\ProbaTest.php on line 112
[17-Mar-2021 06:38:08 Asia/Kuwait] PHP Fatal error:  Uncaught PDOException: SQLSTATE[HY000]: General error: 1 no such table: vidsi in C:\TPhpTools\TPhpTools\TBaseMaker\BaseMakerClass.php:113
Stack trace:
#0 C:\TPhpTools\TPhpTools\TBaseMaker\BaseMakerClass.php(113): PDO->prepare('SELECT COUNT(*)...')
#1 C:\TPhpTools\TPhpToolsTests\TBaseMaker_ValueRow.php(16): ttools\BaseMaker->queryValue('SELECT COUNT(*)...')
#2 C:\DoorTry\www\Pages\Basemaker\ProbaTest.php(112): test_ValueRow(Object(ttools\BaseMaker))
#3 {main}
  thrown in C:\TPhpTools\TPhpTools\TBaseMaker\BaseMakerClass.php on line 113
[17-Mar-2021 06:40:03 Asia/Kuwait] PHP Fatal error:  Uncaught Error: Call to a member function assertEqual() on null in C:\TPhpTools\TPhpToolsTests\TBaseMaker_ValueRow.php:40
Stack trace:
#0 C:\DoorTry\www\Pages\Basemaker\ProbaTest.php(112): test_ValueRow(Object(ttools\BaseMaker))
#1 {main}
  thrown in C:\TPhpTools\TPhpToolsTests\TBaseMaker_ValueRow.php on line 40
[17-Mar-2021 06:40:48 Asia/Kuwait] PHP Fatal error:  Uncaught Error: Call to a member function assertEqual() on null in C:\TPhpTools\TPhpToolsTests\TBaseMaker_ValueRow.php:53
Stack trace:
#0 C:\DoorTry\www\Pages\Basemaker\ProbaTest.php(112): test_ValueRow(Object(ttools\BaseMaker))
#1 {main}
  thrown in C:\TPhpTools\TPhpToolsTests\TBaseMaker_ValueRow.php on line 53
[17-Mar-2021 15:45:08 Asia/Kuwait] PHP Fatal error:  Uncaught Error: Call to a member function assertFalse() on null in C:\TPhpTools\TPhpToolsTests\TBaseMaker_Query.php:16
Stack trace:
#0 C:\TPhpTools\TPhpToolsTests\TBaseMaker__test.php(67): test_Query(Object(ttools\BaseMaker), NULL)
#1 C:\DoorTry\www\Pages\Basemaker\ProbaTest.php(124): testUnit(NULL)
#2 {main}
  thrown in C:\TPhpTools\TPhpToolsTests\TBaseMaker_Query.php on line 16
[17-Mar-2021 15:58:31 Asia/Kuwait] PHP Fatal error:  Uncaught Error: Cannot pass parameter 1 by reference in C:\DoorTry\www\Pages\Basemaker\ProbaTest.php:57
Stack trace:
#0 {main}
  thrown in C:\DoorTry\www\Pages\Basemaker\ProbaTest.php on line 57
[17-Mar-2021 18:48:14 Asia/Kuwait] PHP Fatal error:  Uncaught Error: Using $this when not in object context in C:\TPhpTools\TPhpToolsTests\TBaseMaker__test.php:41
Stack trace:
#0 C:\DoorTry\www\Pages\Basemaker\ProbaTest.php(64): require_once()
#1 {main}
  thrown in C:\TPhpTools\TPhpToolsTests\TBaseMaker__test.php on line 41
[18-Mar-2021 14:41:11 Asia/Kuwait] PHP Fatal error:  Uncaught PDOException: SQLSTATE[HY000]: General error: 1 no such table: vidsi in C:\TPhpTools\TPhpTools\TBaseMaker\BaseMakerClass.php:113
Stack trace:
#0 C:\TPhpTools\TPhpTools\TBaseMaker\BaseMakerClass.php(113): PDO->prepare('SELECT COUNT(*)...')
#1 C:\TPhpTools\TPhpToolsTests\TBaseMaker_ValueRow.php(16): ttools\BaseMaker->queryValue('SELECT COUNT(*)...')
#2 C:\TPhpTools\TPhpToolsTests\TBaseMaker__test.php(52): test_ValueRow(Object(ttools\BaseMaker), NULL)
#3 C:\DoorTry\www\Pages\Basemaker\ProbaTest.php(64): require_once('C:\\TPhpTools\\TP...')
#4 {main}
  thrown in C:\TPhpTools\TPhpTools\TBaseMaker\BaseMakerClass.php on line 113
[18-Mar-2021 15:03:00 Asia/Kuwait] PHP Fatal error:  Uncaught Error: Call to undefined function ttools\string() in C:\TPhpTools\TPhpTools\TBaseMaker\BaseMakerClass.php:25
Stack trace:
#0 C:\TPhpTools\TPhpTools\TBaseMaker\BaseMakerClass.php(125): ttools\sqlMessage('SELECT COUNT(*)...', Array)
#1 C:\TPhpTools\TPhpToolsTests\TBaseMaker_ValueRow.php(40): ttools\BaseMaker->queryValue('SELECT COUNT(*)...', Array)
#2 C:\TPhpTools\TPhpToolsTests\TBaseMaker__test.php(52): test_ValueRow(Object(ttools\BaseMaker), NULL)
#3 C:\DoorTry\www\Pages\Basemaker\ProbaTest.php(64): require_once('C:\\TPhpTools\\TP...')
#4 {main}
  thrown in C:\TPhpTools\TPhpTools\TBaseMaker\BaseMakerClass.php on line 25
[18-Mar-2021 15:50:24 Asia/Kuwait] PHP Parse error:  syntax error, unexpected '*' in C:\TPhpTools\TPhpToolsTests\TBaseMaker_ValueRow.php on line 73
