[09-May-2019 17:17:55 Asia/Kuwait] PHP Fatal error:  Uncaught Exception: Error in method C::doException ! in C:\DoorTry\www\includErrs.php:183
Stack trace:
#0 C:\DoorTry\www\includErrs.php(178): C->doException()
#1 C:\DoorTry\www\includErrs.php(172): B->doSomething()
#2 C:\DoorTry\www\includErrs.php(185): A->run()
#3 C:\DoorTry\www\Main.php(5): require_once('C:\\DoorTry\\www\\...')
#4 C:\DoorTry\www\index.php(19): require_once('C:\\DoorTry\\www\\...')
#5 {main}
  thrown in C:\DoorTry\www\includErrs.php on line 183
[09-May-2019 17:19:59 Asia/Kuwait] PHP Fatal error:  Uncaught Exception: Error in method C::doException ! in C:\DoorTry\www\includErrs.php:183
Stack trace:
#0 C:\DoorTry\www\includErrs.php(178): C->doException()
#1 C:\DoorTry\www\includErrs.php(172): B->doSomething()
#2 C:\DoorTry\www\includErrs.php(185): A->run()
#3 C:\DoorTry\www\Main.php(5): require_once('C:\\DoorTry\\www\\...')
#4 C:\DoorTry\www\index.php(19): require_once('C:\\DoorTry\\www\\...')
#5 {main}
  thrown in C:\DoorTry\www\includErrs.php on line 183
[09-May-2019 17:21:00 Asia/Kuwait] PHP Fatal error:  Uncaught Error: Call to undefined function split() in C:\DoorTry\www\includErrs.php:159
Stack trace:
#0 C:\DoorTry\www\Main.php(5): require_once()
#1 C:\DoorTry\www\index.php(19): require_once('C:\\DoorTry\\www\\...')
#2 {main}
  thrown in C:\DoorTry\www\includErrs.php on line 159
[09-May-2019 17:24:37 Asia/Kuwait] PHP Fatal error:  require_once(): Failed opening required 'not-exists.php' (include_path='.;C:\php\pear') in C:\DoorTry\www\includErrs.php on line 106
[09-May-2019 17:26:50 Asia/Kuwait] PHP Parse error:  syntax error, unexpected 'echo' (T_ECHO), expecting ',' or ';' in C:\DoorTry\www\includErrs.php on line 81
[09-May-2019 17:31:45 Asia/Kuwait] PHP Parse error:  syntax error, unexpected 'echo' (T_ECHO), expecting ',' or ';' in C:\DoorTry\www\includErrs.php on line 81
[09-May-2019 17:33:16 Asia/Kuwait] PHP Parse error:  syntax error, unexpected 'echo' (T_ECHO), expecting ',' or ';' in C:\DoorTry\www\includErrs.php on line 81
[09-May-2019 17:34:21 Asia/Kuwait] PHP Parse error:  syntax error, unexpected 'echo' (T_ECHO), expecting ',' or ';' in C:\DoorTry\www\includErrs.php on line 81
[09-May-2019 17:34:28 Asia/Kuwait] PHP Parse error:  syntax error, unexpected 'echo' (T_ECHO), expecting ',' or ';' in C:\DoorTry\www\includErrs.php on line 81
[09-May-2019 17:35:08 Asia/Kuwait] PHP Parse error:  syntax error, unexpected 'echo' (T_ECHO), expecting ',' or ';' in C:\DoorTry\www\includErrs.php on line 81
[09-May-2019 17:35:13 Asia/Kuwait] PHP Parse error:  syntax error, unexpected 'echo' (T_ECHO), expecting ',' or ';' in C:\DoorTry\www\includErrs.php on line 81
[09-May-2019 17:35:58 Asia/Kuwait] PHP Parse error:  syntax error, unexpected 'echo' (T_ECHO), expecting ',' or ';' in C:\DoorTry\www\includErrs.php on line 81
[09-May-2019 17:40:45 Asia/Kuwait] PHP Parse error:  syntax error, unexpected 'echo' (T_ECHO), expecting ',' or ';' in C:\DoorTry\www\includErrs.php on line 81
[09-May-2019 17:41:35 Asia/Kuwait] PHP Parse error:  syntax error, unexpected 'echo' (T_ECHO), expecting ',' or ';' in C:\DoorTry\www\includErrs.php on line 81
[09-May-2019 17:43:04 Asia/Kuwait] PHP Fatal error:  Uncaught Exception: Error in method C::doException ! in C:\DoorTry\www\includErrs.php:183
Stack trace:
#0 C:\DoorTry\www\includErrs.php(178): C->doException()
#1 C:\DoorTry\www\includErrs.php(172): B->doSomething()
#2 C:\DoorTry\www\includErrs.php(185): A->run()
#3 C:\DoorTry\www\Main.php(5): require_once('C:\\DoorTry\\www\\...')
#4 C:\DoorTry\www\index.php(19): require_once('C:\\DoorTry\\www\\...')
#5 {main}
  thrown in C:\DoorTry\www\includErrs.php on line 183
[09-May-2019 17:43:29 Asia/Kuwait] PHP Fatal error:  Uncaught Error: Call to undefined function split() in C:\DoorTry\www\includErrs.php:159
Stack trace:
#0 C:\DoorTry\www\Main.php(5): require_once()
#1 C:\DoorTry\www\index.php(19): require_once('C:\\DoorTry\\www\\...')
#2 {main}
  thrown in C:\DoorTry\www\includErrs.php on line 159
[09-May-2019 17:46:50 Asia/Kuwait] PHP Fatal error:  Uncaught Error: Call to undefined function split() in C:\DoorTry\www\includErrs.php:47
Stack trace:
#0 C:\DoorTry\www\Main.php(5): require_once()
#1 C:\DoorTry\www\index.php(19): require_once('C:\\DoorTry\\www\\...')
#2 {main}
  thrown in C:\DoorTry\www\includErrs.php on line 47
[09-May-2019 17:47:29 Asia/Kuwait] PHP Fatal error:  Uncaught Error: [] operator not supported for strings in C:\DoorTry\www\includErrs.php:27
Stack trace:
#0 C:\DoorTry\www\Main.php(5): require_once()
#1 C:\DoorTry\www\index.php(19): require_once('C:\\DoorTry\\www\\...')
#2 {main}
  thrown in C:\DoorTry\www\includErrs.php on line 27
[10-May-2019 07:43:59 Asia/Kuwait] PHP Fatal error:  Uncaught Error: [] operator not supported for strings in C:\DoorTry\www\includErrs.php:27
Stack trace:
#0 C:\DoorTry\www\MainDoorTry.php(16): require_once()
#1 C:\DoorTry\www\index.php(19): require_once('C:\\DoorTry\\www\\...')
#2 {main}
  thrown in C:\DoorTry\www\includErrs.php on line 27
[10-May-2019 08:19:10 Asia/Kuwait] PHP Fatal error:  Uncaught Exception: Error in method C::doException ! in C:\DoorTry\www\includErrs.php:183
Stack trace:
#0 C:\DoorTry\www\includErrs.php(178): C->doException()
#1 C:\DoorTry\www\includErrs.php(172): B->doSomething()
#2 C:\DoorTry\www\includErrs.php(185): A->run()
#3 C:\DoorTry\www\MainDoorTry.php(16): require_once('C:\\DoorTry\\www\\...')
#4 C:\DoorTry\www\index.php(20): require_once('C:\\DoorTry\\www\\...')
#5 {main}
  thrown in C:\DoorTry\www\includErrs.php on line 183
[10-May-2019 08:19:59 Asia/Kuwait] PHP Fatal error:  Uncaught Exception: Error in method C::doException ! in C:\DoorTry\www\includErrs.php:183
Stack trace:
#0 C:\DoorTry\www\includErrs.php(178): C->doException()
#1 C:\DoorTry\www\includErrs.php(172): B->doSomething()
#2 C:\DoorTry\www\includErrs.php(185): A->run()
#3 C:\DoorTry\www\MainDoorTry.php(16): require_once('C:\\DoorTry\\www\\...')
#4 C:\DoorTry\www\index.php(20): require_once('C:\\DoorTry\\www\\...')
#5 {main}
  thrown in C:\DoorTry\www\includErrs.php on line 183
[10-May-2019 08:21:16 Asia/Kuwait] PHP Fatal error:  Uncaught Exception: Error in method C::doException ! in C:\DoorTry\www\includErrs.php:183
Stack trace:
#0 C:\DoorTry\www\includErrs.php(178): C->doException()
#1 C:\DoorTry\www\includErrs.php(172): B->doSomething()
#2 C:\DoorTry\www\includErrs.php(185): A->run()
#3 C:\DoorTry\www\MainDoorTry.php(16): require_once('C:\\DoorTry\\www\\...')
#4 C:\DoorTry\www\index.php(20): require_once('C:\\DoorTry\\www\\...')
#5 {main}
  thrown in C:\DoorTry\www\includErrs.php on line 183
[12-May-2019 15:04:43 Asia/Kuwait] PHP Fatal error:  Uncaught Error: Class 'QRcode' not found in C:\DoorTry\www\Site.php:46
Stack trace:
#0 C:\DoorTry\www\Main.php(6): require_once()
#1 C:\DoorTry\www\index.php(19): require_once('C:\\DoorTry\\www\\...')
#2 {main}
  thrown in C:\DoorTry\www\Site.php on line 46
[12-May-2019 15:07:04 Asia/Kuwait] PHP Fatal error:  Uncaught Error: Class 'QRcode' not found in C:\DoorTry\www\Site.php:46
Stack trace:
#0 C:\DoorTry\www\Main.php(6): require_once()
#1 C:\DoorTry\www\index.php(19): require_once('C:\\DoorTry\\www\\...')
#2 {main}
  thrown in C:\DoorTry\www\Site.php on line 46
[21-May-2019 14:15:10 Asia/Kuwait] PHP Fatal error:  require_once(): Failed opening required 'iniErrMessage.php' (include_path='.;C:\php\pear') in C:\TPhpPrown\isCalcInBrowser.php on line 54
[21-May-2019 14:16:23 Asia/Kuwait] PHP Fatal error:  require_once(): Failed opening required 'iniErrMessage.php' (include_path='.;C:\php\pear') in C:\TPhpPrown\isCalcInBrowser.php on line 54
[21-May-2019 14:33:58 Asia/Kuwait] PHP Fatal error:  Uncaught Error: Call to undefined function prown\MakeRegExp() in C:\DoorTry\www\includErrs.php:217
Stack trace:
#0 C:\DoorTry\www\Main.php(57): require_once()
#1 C:\DoorTry\www\index.php(22): require_once('C:\\DoorTry\\www\\...')
#2 {main}
  thrown in C:\DoorTry\www\includErrs.php on line 217
[21-May-2019 14:35:02 Asia/Kuwait] PHP Fatal error:  Uncaught Error: Call to undefined function prown\MakeUserError() in C:\TPhpPrown\MakeRegExp.php:65
Stack trace:
#0 C:\DoorTry\www\includErrs.php(218): prown\MakeRegExp('/Chrome/u', 'Mozilla/5.0 (Wi...', Array, false)
#1 C:\DoorTry\www\Main.php(57): require_once('C:\\DoorTry\\www\\...')
#2 C:\DoorTry\www\index.php(22): require_once('C:\\DoorTry\\www\\...')
#3 {main}
  thrown in C:\TPhpPrown\MakeRegExp.php on line 65
